# JRE version: OpenJDK Runtime Environment (17.0.2+8) (build 17.0.2+8-86)
# Java VM: OpenJDK 64-Bit Server VM (17.0.2+8-86, mixed mode, sharing, tiered, compressed oops, compressed class ptrs, g1 gc, windows-amd64)
GC Precious Log:
 CPUs: 12 total, 12 available
 Memory: 16309M
 Large Page Support: Disabled
 NUMA Support: Disabled
 Compressed Oops: Enabled (Zero based)
 Heap Region Size: 2M
 Heap Min Capacity: 8M
 Heap Initial Capacity: 256M
 Heap Max Capacity: 4078M
 Pre-touch: Disabled
 Parallel Workers: 10
 Concurrent Workers: 3
 Concurrent Refinement Workers: 10
 Periodic GC: Disabled
Heap:
 garbage-first heap   total 546816K, used 288869K [0x0000000701200000, 0x0000000800000000)
  region size 2048K, 141 young (288768K), 8 survivors (16384K)
 Metaspace       used 7214K, committed 7424K, reserved 1064960K
  class space    used 355K, committed 448K, reserved 1048576K
GC Heap History (20 events):
Event: 2.610 GC heap before
{Heap before GC invocations=13 (full 0):
 garbage-first heap   total 378880K, used 226223K [0x0000000701200000, 0x0000000800000000)
  region size 2048K, 111 young (227328K), 5 survivors (10240K)
 Metaspace       used 5399K, committed 5568K, reserved 1056768K
  class space    used 291K, committed 384K, reserved 1048576K
}
Event: 2.613 GC heap after
{Heap after GC invocations=14 (full 0):
 garbage-first heap   total 378880K, used 9619K [0x0000000701200000, 0x0000000800000000)
  region size 2048K, 5 young (10240K), 5 survivors (10240K)
 Metaspace       used 5399K, committed 5568K, reserved 1056768K
  class space    used 291K, committed 384K, reserved 1048576K
}
Event: 2.763 GC heap before
{Heap before GC invocations=14 (full 0):
 garbage-first heap   total 378880K, used 226707K [0x0000000701200000, 0x0000000800000000)
  region size 2048K, 111 young (227328K), 5 survivors (10240K)
 Metaspace       used 5400K, committed 5568K, reserved 1056768K
  class space    used 291K, committed 384K, reserved 1048576K
}
Event: 2.767 GC heap after
{Heap after GC invocations=15 (full 0):
 garbage-first heap   total 454656K, used 10891K [0x0000000701200000, 0x0000000800000000)
  region size 2048K, 6 young (12288K), 6 survivors (12288K)
 Metaspace       used 5400K, committed 5568K, reserved 1056768K
  class space    used 291K, committed 384K, reserved 1048576K
}
Event: 2.946 GC heap before
{Heap before GC invocations=15 (full 0):
 garbage-first heap   total 454656K, used 270987K [0x0000000701200000, 0x0000000800000000)
  region size 2048K, 133 young (272384K), 6 survivors (12288K)
 Metaspace       used 5400K, committed 5568K, reserved 1056768K
  class space    used 291K, committed 384K, reserved 1048576K
}
Event: 2.950 GC heap after
{Heap after GC invocations=16 (full 0):
 garbage-first heap   total 454656K, used 11599K [0x0000000701200000, 0x0000000800000000)
  region size 2048K, 5 young (10240K), 5 survivors (10240K)
 Metaspace       used 5400K, committed 5568K, reserved 1056768K
  class space    used 291K, committed 384K, reserved 1048576K
}
Event: 3.125 GC heap before
{Heap before GC invocations=16 (full 0):
 garbage-first heap   total 454656K, used 273743K [0x0000000701200000, 0x0000000800000000)
  region size 2048K, 133 young (272384K), 5 survivors (10240K)
 Metaspace       used 5400K, committed 5568K, reserved 1056768K
  class space    used 291K, committed 384K, reserved 1048576K
}
Event: 3.128 GC heap after
{Heap after GC invocations=17 (full 0):
 garbage-first heap   total 454656K, used 12588K [0x0000000701200000, 0x0000000800000000)
  region size 2048K, 6 young (12288K), 6 survivors (12288K)
 Metaspace       used 5400K, committed 5568K, reserved 1056768K
  class space    used 291K, committed 384K, reserved 1048576K
}
Event: 3.289 GC heap before
{Heap before GC invocations=17 (full 0):
 garbage-first heap   total 454656K, used 272684K [0x0000000701200000, 0x0000000800000000)
  region size 2048K, 133 young (272384K), 6 survivors (12288K)
 Metaspace       used 5400K, committed 5568K, reserved 1056768K
  class space    used 291K, committed 384K, reserved 1048576K
}
Event: 3.292 GC heap after
{Heap after GC invocations=18 (full 0):
 garbage-first heap   total 454656K, used 13616K [0x0000000701200000, 0x0000000800000000)
  region size 2048K, 6 young (12288K), 6 survivors (12288K)
 Metaspace       used 5400K, committed 5568K, reserved 1056768K
  class space    used 291K, committed 384K, reserved 1048576K
}
Event: 3.447 GC heap before
{Heap before GC invocations=18 (full 0):
 garbage-first heap   total 454656K, used 273712K [0x0000000701200000, 0x0000000800000000)
  region size 2048K, 133 young (272384K), 6 survivors (12288K)
 Metaspace       used 5400K, committed 5568K, reserved 1056768K
  class space    used 291K, committed 384K, reserved 1048576K
}
Event: 3.450 GC heap after
{Heap after GC invocations=19 (full 0):
 garbage-first heap   total 454656K, used 14242K [0x0000000701200000, 0x0000000800000000)
  region size 2048K, 6 young (12288K), 6 survivors (12288K)
 Metaspace       used 5400K, committed 5568K, reserved 1056768K
  class space    used 291K, committed 384K, reserved 1048576K
}
Event: 3.603 GC heap before
{Heap before GC invocations=19 (full 0):
 garbage-first heap   total 454656K, used 274338K [0x0000000701200000, 0x0000000800000000)
  region size 2048K, 133 young (272384K), 6 survivors (12288K)
 Metaspace       used 5400K, committed 5568K, reserved 1056768K
  class space    used 291K, committed 384K, reserved 1048576K
}
Event: 3.606 GC heap after
{Heap after GC invocations=20 (full 0):
 garbage-first heap   total 454656K, used 15352K [0x0000000701200000, 0x0000000800000000)
  region size 2048K, 7 young (14336K), 7 survivors (14336K)
 Metaspace       used 5400K, committed 5568K, reserved 1056768K
  class space    used 291K, committed 384K, reserved 1048576K
}
Event: 3.763 GC heap before
{Heap before GC invocations=20 (full 0):
 garbage-first heap   total 454656K, used 273400K [0x0000000701200000, 0x0000000800000000)
  region size 2048K, 133 young (272384K), 7 survivors (14336K)
 Metaspace       used 5400K, committed 5568K, reserved 1056768K
  class space    used 291K, committed 384K, reserved 1048576K
}
Event: 3.766 GC heap after
{Heap after GC invocations=21 (full 0):
 garbage-first heap   total 546816K, used 15660K [0x0000000701200000, 0x0000000800000000)
  region size 2048K, 7 young (14336K), 7 survivors (14336K)
 Metaspace       used 5400K, committed 5568K, reserved 1056768K
  class space    used 291K, committed 384K, reserved 1048576K
}
Event: 5.639 GC heap before
{Heap before GC invocations=21 (full 0):
 garbage-first heap   total 546816K, used 326956K [0x0000000701200000, 0x0000000800000000)
  region size 2048K, 160 young (327680K), 7 survivors (14336K)
 Metaspace       used 6141K, committed 6336K, reserved 1056768K
  class space    used 320K, committed 448K, reserved 1048576K
}
Event: 5.647 GC heap after
{Heap after GC invocations=22 (full 0):
 garbage-first heap   total 546816K, used 25815K [0x0000000701200000, 0x0000000800000000)
  region size 2048K, 11 young (22528K), 11 survivors (22528K)
 Metaspace       used 6141K, committed 6336K, reserved 1056768K
  class space    used 320K, committed 448K, reserved 1048576K
}
Event: 6.379 GC heap before
{Heap before GC invocations=22 (full 0):
 garbage-first heap   total 546816K, used 335063K [0x0000000701200000, 0x0000000800000000)
  region size 2048K, 160 young (327680K), 11 survivors (22528K)
 Metaspace       used 6927K, committed 7168K, reserved 1064960K
  class space    used 349K, committed 448K, reserved 1048576K
}
Event: 6.382 GC heap after
{Heap after GC invocations=23 (full 0):
 garbage-first heap   total 546816K, used 20581K [0x0000000701200000, 0x0000000800000000)
  region size 2048K, 8 young (16384K), 8 survivors (16384K)
 Metaspace       used 6927K, committed 7168K, reserved 1064960K
  class space    used 349K, committed 448K, reserved 1048576K
}

