# JRE version: OpenJDK Runtime Environment (17.0.2+8) (build 17.0.2+8-86)
# Java VM: OpenJDK 64-Bit Server VM (17.0.2+8-86, mixed mode, sharing, tiered, compressed oops, compressed class ptrs, g1 gc, windows-amd64)
GC Precious Log:
 CPUs: 12 total, 12 available
 Memory: 16309M
 Large Page Support: Disabled
 NUMA Support: Disabled
 Compressed Oops: Enabled (Zero based)
 Heap Region Size: 2M
 Heap Min Capacity: 8M
 Heap Initial Capacity: 256M
 Heap Max Capacity: 4078M
 Pre-touch: Disabled
 Parallel Workers: 10
 Concurrent Workers: 3
 Concurrent Refinement Workers: 10
 Periodic GC: Disabled
Heap:
 garbage-first heap   total 546816K, used 134721K [0x0000000701200000, 0x0000000800000000)
  region size 2048K, 66 young (135168K), 9 survivors (18432K)
 Metaspace       used 7209K, committed 7424K, reserved 1064960K
  class space    used 355K, committed 448K, reserved 1048576K
GC Heap History (20 events):
Event: 2.606 GC heap before
{Heap before GC invocations=13 (full 0):
 garbage-first heap   total 378880K, used 226634K [0x0000000701200000, 0x0000000800000000)
  region size 2048K, 111 young (227328K), 5 survivors (10240K)
 Metaspace       used 5398K, committed 5568K, reserved 1056768K
  class space    used 291K, committed 384K, reserved 1048576K
}
Event: 2.609 GC heap after
{Heap after GC invocations=14 (full 0):
 garbage-first heap   total 378880K, used 10038K [0x0000000701200000, 0x0000000800000000)
  region size 2048K, 5 young (10240K), 5 survivors (10240K)
 Metaspace       used 5398K, committed 5568K, reserved 1056768K
  class space    used 291K, committed 384K, reserved 1048576K
}
Event: 2.768 GC heap before
{Heap before GC invocations=14 (full 0):
 garbage-first heap   total 378880K, used 227126K [0x0000000701200000, 0x0000000800000000)
  region size 2048K, 111 young (227328K), 5 survivors (10240K)
 Metaspace       used 5399K, committed 5568K, reserved 1056768K
  class space    used 291K, committed 384K, reserved 1048576K
}
Event: 2.771 GC heap after
{Heap after GC invocations=15 (full 0):
 garbage-first heap   total 454656K, used 10897K [0x0000000701200000, 0x0000000800000000)
  region size 2048K, 6 young (12288K), 6 survivors (12288K)
 Metaspace       used 5399K, committed 5568K, reserved 1056768K
  class space    used 291K, committed 384K, reserved 1048576K
}
Event: 2.939 GC heap before
{Heap before GC invocations=15 (full 0):
 garbage-first heap   total 454656K, used 270993K [0x0000000701200000, 0x0000000800000000)
  region size 2048K, 133 young (272384K), 6 survivors (12288K)
 Metaspace       used 5399K, committed 5568K, reserved 1056768K
  class space    used 291K, committed 384K, reserved 1048576K
}
Event: 2.942 GC heap after
{Heap after GC invocations=16 (full 0):
 garbage-first heap   total 454656K, used 11619K [0x0000000701200000, 0x0000000800000000)
  region size 2048K, 5 young (10240K), 5 survivors (10240K)
 Metaspace       used 5399K, committed 5568K, reserved 1056768K
  class space    used 291K, committed 384K, reserved 1048576K
}
Event: 3.109 GC heap before
{Heap before GC invocations=16 (full 0):
 garbage-first heap   total 454656K, used 273763K [0x0000000701200000, 0x0000000800000000)
  region size 2048K, 133 young (272384K), 5 survivors (10240K)
 Metaspace       used 5399K, committed 5568K, reserved 1056768K
  class space    used 291K, committed 384K, reserved 1048576K
}
Event: 3.112 GC heap after
{Heap after GC invocations=17 (full 0):
 garbage-first heap   total 454656K, used 12968K [0x0000000701200000, 0x0000000800000000)
  region size 2048K, 6 young (12288K), 6 survivors (12288K)
 Metaspace       used 5399K, committed 5568K, reserved 1056768K
  class space    used 291K, committed 384K, reserved 1048576K
}
Event: 3.273 GC heap before
{Heap before GC invocations=17 (full 0):
 garbage-first heap   total 454656K, used 273064K [0x0000000701200000, 0x0000000800000000)
  region size 2048K, 133 young (272384K), 6 survivors (12288K)
 Metaspace       used 5399K, committed 5568K, reserved 1056768K
  class space    used 291K, committed 384K, reserved 1048576K
}
Event: 3.276 GC heap after
{Heap after GC invocations=18 (full 0):
 garbage-first heap   total 454656K, used 13787K [0x0000000701200000, 0x0000000800000000)
  region size 2048K, 6 young (12288K), 6 survivors (12288K)
 Metaspace       used 5399K, committed 5568K, reserved 1056768K
  class space    used 291K, committed 384K, reserved 1048576K
}
Event: 3.426 GC heap before
{Heap before GC invocations=18 (full 0):
 garbage-first heap   total 454656K, used 273883K [0x0000000701200000, 0x0000000800000000)
  region size 2048K, 133 young (272384K), 6 survivors (12288K)
 Metaspace       used 5399K, committed 5568K, reserved 1056768K
  class space    used 291K, committed 384K, reserved 1048576K
}
Event: 3.429 GC heap after
{Heap after GC invocations=19 (full 0):
 garbage-first heap   total 454656K, used 14623K [0x0000000701200000, 0x0000000800000000)
  region size 2048K, 6 young (12288K), 6 survivors (12288K)
 Metaspace       used 5399K, committed 5568K, reserved 1056768K
  class space    used 291K, committed 384K, reserved 1048576K
}
Event: 3.582 GC heap before
{Heap before GC invocations=19 (full 0):
 garbage-first heap   total 454656K, used 274719K [0x0000000701200000, 0x0000000800000000)
  region size 2048K, 133 young (272384K), 6 survivors (12288K)
 Metaspace       used 5399K, committed 5568K, reserved 1056768K
  class space    used 291K, committed 384K, reserved 1048576K
}
Event: 3.585 GC heap after
{Heap after GC invocations=20 (full 0):
 garbage-first heap   total 454656K, used 15076K [0x0000000701200000, 0x0000000800000000)
  region size 2048K, 6 young (12288K), 6 survivors (12288K)
 Metaspace       used 5399K, committed 5568K, reserved 1056768K
  class space    used 291K, committed 384K, reserved 1048576K
}
Event: 3.739 GC heap before
{Heap before GC invocations=20 (full 0):
 garbage-first heap   total 454656K, used 275172K [0x0000000701200000, 0x0000000800000000)
  region size 2048K, 133 young (272384K), 6 survivors (12288K)
 Metaspace       used 5399K, committed 5568K, reserved 1056768K
  class space    used 291K, committed 384K, reserved 1048576K
}
Event: 3.742 GC heap after
{Heap after GC invocations=21 (full 0):
 garbage-first heap   total 546816K, used 15457K [0x0000000701200000, 0x0000000800000000)
  region size 2048K, 7 young (14336K), 7 survivors (14336K)
 Metaspace       used 5399K, committed 5568K, reserved 1056768K
  class space    used 291K, committed 384K, reserved 1048576K
}
Event: 5.422 GC heap before
{Heap before GC invocations=21 (full 0):
 garbage-first heap   total 546816K, used 332897K [0x0000000701200000, 0x0000000800000000)
  region size 2048K, 160 young (327680K), 7 survivors (14336K)
 Metaspace       used 6141K, committed 6336K, reserved 1056768K
  class space    used 320K, committed 448K, reserved 1048576K
}
Event: 5.427 GC heap after
{Heap after GC invocations=22 (full 0):
 garbage-first heap   total 546816K, used 20565K [0x0000000701200000, 0x0000000800000000)
  region size 2048K, 8 young (16384K), 8 survivors (16384K)
 Metaspace       used 6141K, committed 6336K, reserved 1056768K
  class space    used 320K, committed 448K, reserved 1048576K
}
Event: 6.487 GC heap before
{Heap before GC invocations=22 (full 0):
 garbage-first heap   total 546816K, used 329813K [0x0000000701200000, 0x0000000800000000)
  region size 2048K, 160 young (327680K), 8 survivors (16384K)
 Metaspace       used 6926K, committed 7168K, reserved 1064960K
  class space    used 349K, committed 448K, reserved 1048576K
}
Event: 6.491 GC heap after
{Heap after GC invocations=23 (full 0):
 garbage-first heap   total 546816K, used 22081K [0x0000000701200000, 0x0000000800000000)
  region size 2048K, 9 young (18432K), 9 survivors (18432K)
 Metaspace       used 6926K, committed 7168K, reserved 1064960K
  class space    used 349K, committed 448K, reserved 1048576K
}

